RoadStarUser-main/app/mapping.txt
# compiler: R8
# compiler_version: 2.0.88
# min_api: 21
# pg_map_id: 0ffa208
# common_typos_disable
com.roadstar.customerr.BuildConfig -> com.roadstar.customerr.a:
    boolean DEBUG -> a
    7:7:void <clinit>() -> <clinit>
com.roadstar.customerr.MyApplication -> com.roadstar.customerr.MyApplication:
    com.android.volley.RequestQueue mRequestQueue -> b
    com.google.firebase.auth.FirebaseAuth sAuth -> e
    com.roadstar.customerr.MyApplication mInstance -> d
    java.lang.String TAG -> c
    32:33:void <clinit>() -> <clinit>
    31:31:void <init>() -> <init>
    85:87:void addToRequestQueue(com.android.volley.Request) -> a
    43:47:void attachBaseContext(android.content.Context) -> attachBaseContext
    67:68:void cancelRequestInQueue(java.lang.String) -> b
    64:64:com.roadstar.customerr.MyApplication getInstance() -> c
    71:75:com.android.volley.RequestQueue getRequestQueue() -> d
    51:62:void onCreate() -> onCreate
com.roadstar.customerr.R$styleable -> com.roadstar.customerr.b:
com.roadstar.customerr.app.business.BaseItem -> com.roadstar.customerr.c.a.a:
    int getItemType() -> a
com.roadstar.customerr.app.business.OnNetworkTaskListener -> com.roadstar.customerr.c.a.b:
    void onNetworkResponse(com.roadstar.customerr.app.network.HttpResponseItem) -> j
    void onNetworkCanceled(com.roadstar.customerr.app.network.HttpResponseItem) -> k
    boolean isNetworkConnected() -> m
com.roadstar.customerr.app.data.UserManager -> com.roadstar.customerr.c.b.a:
    136:136:java.lang.String getAddress() -> a
    143:143:java.lang.String getCountry() -> b
    77:77:java.lang.String getDeviceId(android.content.Context) -> c
    84:84:java.lang.String getDeviceToken() -> d
    81:81:java.lang.String getDeviceType() -> e
    113:113:java.lang.String getEmail() -> f
    102:102:java.lang.String getFirstname() -> g
    106:106:java.lang.String getLastName() -> h
    243:243:boolean getNotifSetting() -> i
    117:117:java.lang.String getPhone() -> j
    253:253:boolean getRideInprogress() -> k
    95:95:java.lang.String getToken() -> l
    207:209:boolean isUserLoggedIn() -> m
    200:204:void parseBooleanAndSave(org.json.JSONObject,java.lang.String,java.lang.String) -> n
    69:74:void parseDoubleAndSave(org.json.JSONObject,java.lang.String,java.lang.String) -> o
    191:196:void parseIntegerAndSave(org.json.JSONObject,java.lang.String,java.lang.String) -> p
    182:187:void parseStringAndSave(org.json.JSONObject,java.lang.String,java.lang.String) -> q
    55:56:void saveAccessToken(org.json.JSONObject) -> r
    24:53:void saveUserData(org.json.JSONObject) -> s
    246:247:void setNotifSetting(boolean) -> t
    250:251:void setRideInprogress(boolean) -> u
com.roadstar.customerr.app.data.models.Booking -> com.roadstar.customerr.c.b.b.a:
    com.roadstar.customerr.app.data.models.Payment payment -> e
    java.lang.String bookingId -> a
    java.lang.String dAddress -> c
    java.lang.String sAddress -> b
    com.roadstar.customerr.app.data.models.ServiceType serviceType -> f
    java.lang.String startedAt -> d
    8:8:void <init>() -> <init>
    530:530:int getItemType() -> a
    161:161:java.lang.String getBookingId() -> b
    289:289:java.lang.String getDAddress() -> c
    513:513:com.roadstar.customerr.app.data.models.Payment getPayment() -> d
    265:265:java.lang.String getSAddress() -> e
    521:521:com.roadstar.customerr.app.data.models.ServiceType getServiceType() -> f
    353:353:java.lang.String getStartedAt() -> g
com.roadstar.customerr.app.data.models.Empty -> com.roadstar.customerr.c.b.b.b:
    java.lang.String message -> a
    24:24:int getItemType() -> a
    19:19:java.lang.String getMessage() -> b
com.roadstar.customerr.app.data.models.Header -> com.roadstar.customerr.c.b.b.c:
    java.lang.String title -> a
    24:24:int getItemType() -> a
    19:19:java.lang.String getTitle() -> b
com.roadstar.customerr.app.data.models.Payment -> com.roadstar.customerr.c.b.b.d:
    int getFixed() -> a
...
com.google.android.material.datepicker.MaterialCalendar$4 -> com.google.android.material.datepicker.g$e:
    java.util.Calendar startItem -> a
    java.util.Calendar endItem -> b
    com.google.android.material.datepicker.MaterialCalendar this$0 -> c
    231:234:void <init>(com.google.android.material.datepicker.MaterialCalendar) -> <init>
    239:277:void onDraw(android.graphics.Canvas,androidx.recyclerview.widget.RecyclerView,androidx.recyclerview.widget.RecyclerView$State) -> g
com.google.android.material.datepicker.MaterialCalendar$5 -> com.google.android.material.datepicker.g$f:
    com.google.android.material.datepicker.MaterialCalendar this$0 -> d
    369:369:void <init>(com.google.android.material.datepicker.MaterialCalendar) -> <init>
    374:379:void onInitializeAccessibilityNodeInfo(android.view.View,androidx.core.view.accessibility.AccessibilityNodeInfoCompat) -> g
com.google.android.material.datepicker.MaterialCalendar$6 -> com.google.android.material.datepicker.g$g:
    com.google.android.material.datepicker.MonthsPagerAdapter val$monthsPagerAdapter -> a
    com.google.android.material.button.MaterialButton val$monthDropSelect -> b
    com.google.android.material.datepicker.MaterialCalendar this$0 -> c
    392:392:void <init>(com.google.android.material.datepicker.MaterialCalendar,com.google.android.material.datepicker.MonthsPagerAdapter,com.google.android.material.button.MaterialButton) -> <init>
    407:415:void onScrollStateChanged(androidx.recyclerview.widget.RecyclerView,int) -> onScrollStateChanged
    396:403:void onScrolled(androidx.recyclerview.widget.RecyclerView,int,int) -> onScrolled
com.google.android.material.datepicker.MaterialCalendar$7 -> com.google.android.material.datepicker.g$h:
    com.google.android.material.datepicker.MaterialCalendar this$0 -> b
    419:419:void <init>(com.google.android.material.datepicker.MaterialCalendar) -> <init>
    422:423:void onClick(android.view.View) -> onClick
com.google.android.material.datepicker.MaterialCalendar$8 -> com.google.android.material.datepicker.g$i:
    com.google.android.material.datepicker.MonthsPagerAdapter val$monthsPagerAdapter -> b
    com.google.android.material.datepicker.MaterialCalendar this$0 -> c
    427:427:void <init>(com.google.android.material.datepicker.MaterialCalendar,com.google.android.material.datepicker.MonthsPagerAdapter) -> <init>
    430:434:void onClick(android.view.View) -> onClick
com.google.android.material.datepicker.MaterialCalendar$9 -> com.google.android.material.datepicker.g$j:
    com.google.android.material.datepicker.MonthsPagerAdapter val$monthsPagerAdapter -> b
    com.google.android.material.datepicker.MaterialCalendar this$0 -> c
    437:437:void <init>(com.google.android.material.datepicker.MaterialCalendar,com.google.android.material.datepicker.MonthsPagerAdapter) -> <init>
    440:444:void onClick(android.view.View) -> onClick
com.google.android.material.datepicker.MaterialCalendar$CalendarSelector -> com.google.android.material.datepicker.g$k:
    com.google.android.material.datepicker.MaterialCalendar$CalendarSelector YEAR -> c
    com.google.android.material.datepicker.MaterialCalendar$CalendarSelector DAY -> b
    com.google.android.material.datepicker.MaterialCalendar$CalendarSelector[] $VALUES -> d
    62:64:void <clinit>() -> <clinit>
    62:62:void <init>(java.lang.String,int) -> <init>
    62:62:com.google.android.material.datepicker.MaterialCalendar$CalendarSelector valueOf(java.lang.String) -> valueOf
    62:62:com.google.android.material.datepicker.MaterialCalendar$CalendarSelector[] values() -> values
com.google.android.material.datepicker.MaterialCalendar$OnDayClickListener -> com.google.android.material.datepicker.g$l:
    void onDayClick(long) -> a